0 info it worked if it ends with ok
1 verbose cli [ '/usr/local/bin/node',
1 verbose cli   '/Users/greenlikeorange/npm-global/bin/npm',
1 verbose cli   'start' ]
2 info using npm@2.14.3
3 info using node@v4.0.0
4 verbose run-script [ 'prestart', 'start', 'poststart' ]
5 info prestart arplarelection@0.0.0
6 info start arplarelection@0.0.0
7 verbose unsafe-perm in lifecycle true
8 info arplarelection@0.0.0 Failed to exec start script
9 verbose stack Error: arplarelection@0.0.0 start: `node ./bin/www`
9 verbose stack Exit status 1
9 verbose stack     at EventEmitter.<anonymous> (/Users/greenlikeorange/npm-global/lib/node_modules/npm/lib/utils/lifecycle.js:214:16)
9 verbose stack     at emitTwo (events.js:87:13)
9 verbose stack     at EventEmitter.emit (events.js:172:7)
9 verbose stack     at ChildProcess.<anonymous> (/Users/greenlikeorange/npm-global/lib/node_modules/npm/lib/utils/spawn.js:24:14)
9 verbose stack     at emitTwo (events.js:87:13)
9 verbose stack     at ChildProcess.emit (events.js:172:7)
9 verbose stack     at maybeClose (internal/child_process.js:817:16)
9 verbose stack     at Process.ChildProcess._handle.onexit (internal/child_process.js:211:5)
10 verbose pkgid arplarelection@0.0.0
11 verbose cwd /Users/greenlikeorange/opensource/arplarelection
12 error Darwin 14.5.0
13 error argv "/usr/local/bin/node" "/Users/greenlikeorange/npm-global/bin/npm" "start"
14 error node v4.0.0
15 error npm  v2.14.3
16 error code ELIFECYCLE
17 error arplarelection@0.0.0 start: `node ./bin/www`
17 error Exit status 1
18 error Failed at the arplarelection@0.0.0 start script 'node ./bin/www'.
18 error This is most likely a problem with the arplarelection package,
18 error not with npm itself.
18 error Tell the author that this fails on your system:
18 error     node ./bin/www
18 error You can get their info via:
18 error     npm owner ls arplarelection
18 error There is likely additional logging output above.
19 verbose exit [ 1, true ]
